<?xml version="1.0" encoding="UTF-8"?>
<!-- Generated by org.testng.reporters.JUnitReportReporter -->
<testsuite hostname="DESKTOP-0RDF39L" failures="0" tests="1" name="com.xm.task.tests.ApiTest" time="328.378" errors="0" timestamp="2024-01-24T13:26:19 CET" skipped="0">
  <testcase classname="com.xm.task.tests.ApiTest" name="automationTaskApi" time="328.378"/>
</testsuite> <!-- com.xm.task.tests.ApiTest -->
